=== 3-layer ReLU MLP comparison: QQN vs SGD vs Adam vs L-BFGS ===
    dataset=fashion_mnist  hidden_sizes=[64, 64]  arch=x->64->64->10  activation=sigmoid  (non-convex objective)
  classes=10  n_train=5000  n_test=1000  maxiter=1000

  shared stop: f_target=1.0e-01  gtol=1.0e-08  time_budget=10.0s

[data] Loaded fashion_mnist via tensorflow.keras.
  model parameters: 55050

optimizer       final_loss   iters   train_acc   test_acc   time(s)   ms/it  ->target   t->tgt  vs LBFGS     AUC
------------------------------------------------------------------------------------------------------------------------
QQN-Fast      9.974237e-02     324      1.0000     0.8310     7.477   23.08       324    7.460     0.86x   -0.60
QQN-L50       9.977139e-02     187      1.0000     0.8270     4.591   24.55       187    4.573     1.49x   -0.58
QQN-L50And    9.977139e-02     187      1.0000     0.8270     4.876   26.07       187    4.857     1.49x   -0.58
QQN-L20       9.978938e-02     242      1.0000     0.8300     5.551   22.94       242    5.532     1.15x   -0.63
QQN-BT-S      9.980055e-02     285      1.0000     0.8280     8.696   30.51       285    8.680     0.98x   -0.65
L-BFGS        9.980294e-02     279      1.0000     0.8290     2.943   10.55       279    2.943     1.00x   -0.64
QQN-Box       9.989043e-02     287      1.0000     0.8280     6.374   22.21       287    6.357     0.97x   -0.65
QQN-TR        9.989420e-02     406      1.0000     0.8340     8.953   22.05       406    8.936     0.69x   -0.56
QQN           9.990763e-02     287      1.0000     0.8280     6.635   23.12       287    6.618     0.97x   -0.65
QQN-BT        9.990763e-02     287      1.0000     0.8280     6.350   22.12       287    6.333     0.97x   -0.65
Adam          1.921116e-01    1000      0.9850     0.8460     1.236    1.24         —        —         —   -0.69
QQN-Sec       1.939531e-01     477      0.9628     0.8440    10.019   21.00         —        —         —   -0.50
QQN-And       3.789551e-01     453      0.8822     0.8340    10.020   22.12         —        —         —    0.18
SGD           4.439543e-01    1000      0.8518     0.8160     1.021    1.02         —        —         —   -0.20
QQN-Mom-S-BT  8.397620e-01     354      0.7116     0.6870    10.026   28.32         —        —         —    0.11
QQN-Mom-S     8.431978e-01     351      0.7096     0.6850    10.032   28.58         —        —         —    0.11
QQN-Mom       1.184905e+00     478      0.5976     0.5780    10.028   20.98         —        —         —    0.23

Pareto frontier (loss vs. time — non-dominated variants):
  SGD          loss=4.4395e-01  time=1.021s
  Adam         loss=1.9211e-01  time=1.236s
  L-BFGS       loss=9.9803e-02  time=2.943s
  QQN-L50      loss=9.9771e-02  time=4.591s
  QQN-Fast     loss=9.9742e-02  time=7.477s

Iteration-efficiency leaderboard (target reached, fewest iters):
  QQN-L50        iters= 187  time=4.573s  vs_LBFGS= 1.49x  final=9.9771e-02
  QQN-L50And     iters= 187  time=4.857s  vs_LBFGS= 1.49x  final=9.9771e-02
  QQN-L20        iters= 242  time=5.532s  vs_LBFGS= 1.15x  final=9.9789e-02
  L-BFGS         iters= 279  time=2.943s  vs_LBFGS= 1.00x  final=9.9803e-02
  QQN-BT-S       iters= 285  time=8.680s  vs_LBFGS= 0.98x  final=9.9801e-02
  QQN-BT         iters= 287  time=6.333s  vs_LBFGS= 0.97x  final=9.9908e-02
  QQN-Box        iters= 287  time=6.357s  vs_LBFGS= 0.97x  final=9.9890e-02
  QQN            iters= 287  time=6.618s  vs_LBFGS= 0.97x  final=9.9908e-02
  QQN-Fast       iters= 324  time=7.460s  vs_LBFGS= 0.86x  final=9.9742e-02
  QQN-TR         iters= 406  time=8.936s  vs_LBFGS= 0.69x  final=9.9894e-02

Convergence-rate profile (iteration first reaching each loss):
  optimizer      <=1.0e+00   <=7.0e-01   <=5.0e-01   <=4.0e-01
  QQN-L50               16          28          44          56
  QQN-L50And            16          28          44          56
  QQN-L20               16          28          46          60
  QQN                   16          29          45          61
  QQN-BT                16          29          45          61
  QQN-Box               16          30          46          62
  QQN-BT-S              16          30          46          63
  L-BFGS                17          31          46          64
  Adam                  20          35          52          68
  QQN-Fast              32          48          66          83
  QQN-Sec               24          34          66         115
  QQN-TR                45          70         105         127
  QQN-And              348         362         391         444
  QQN-Mom                —           —           —           —
  QQN-Mom-S            246           —           —           —
  QQN-Mom-S-BT         246           —           —           —
  SGD                  138         286         628           —

Stall report (never reached the shared target):
  Adam           final=1.9211e-01  iters=1000  time=1.236s  [slow (no target in maxiter)]
  QQN-Sec        final=1.9395e-01  iters=477  time=10.019s  [time-budget exhausted]
  QQN-And        final=3.7896e-01  iters=453  time=10.020s  [time-budget exhausted]
  SGD            final=4.4395e-01  iters=1000  time=1.021s  [slow (no target in maxiter)]
  QQN-Mom-S-BT   final=8.3976e-01  iters=354  time=10.026s  [time-budget exhausted]
  QQN-Mom-S      final=8.4320e-01  iters=351  time=10.032s  [time-budget exhausted]
  QQN-Mom        final=1.1849e+00  iters=478  time=10.028s  [time-budget exhausted]

Loss trajectory (log10, sampled):
  QQN          0.37  -0.17  -0.41  -0.57  -0.69  -0.81  -0.89  -0.94  -0.97  -1.00
  QQN-BT       0.37  -0.17  -0.41  -0.57  -0.69  -0.81  -0.89  -0.94  -0.97  -1.00
  QQN-BT-S     0.37  -0.17  -0.40  -0.56  -0.69  -0.81  -0.89  -0.93  -0.97  -1.00
  QQN-L20      0.37  -0.13  -0.36  -0.53  -0.67  -0.79  -0.88  -0.94  -0.97  -1.00
  QQN-L50      0.37  -0.06  -0.29  -0.45  -0.60  -0.73  -0.85  -0.93  -0.97  -1.00
  QQN-Mom      0.37   0.35   0.34   0.30   0.25   0.20   0.16   0.13   0.10   0.07
  QQN-Mom-S    0.37   0.34   0.25   0.16   0.10   0.05   0.01  -0.02  -0.05  -0.07
  QQN-Mom-S-BT   0.37   0.34   0.25   0.16   0.09   0.05   0.01  -0.02  -0.05  -0.08
  QQN-Sec      0.37  -0.27  -0.38  -0.45  -0.50  -0.56  -0.66  -0.67  -0.71  -0.71
  QQN-And      0.37   0.34   0.33   0.33   0.32   0.31   0.31  -0.05  -0.32  -0.42
  QQN-L50And   0.37  -0.06  -0.29  -0.45  -0.60  -0.73  -0.85  -0.93  -0.97  -1.00
  QQN-TR       0.37  -0.00  -0.25  -0.43  -0.61  -0.74  -0.83  -0.90  -0.96  -1.00
  QQN-Fast     0.37  -0.06  -0.33  -0.52  -0.64  -0.76  -0.85  -0.92  -0.97  -1.00
  QQN-Box      0.37  -0.17  -0.40  -0.57  -0.70  -0.81  -0.90  -0.93  -0.97  -1.00
  SGD          0.37   0.04  -0.10  -0.19  -0.25  -0.30  -0.31  -0.34  -0.36  -0.35
  Adam         0.37  -0.56  -0.77  -0.87  -0.78  -0.92  -0.97  -0.06  -0.57  -0.72
  L-BFGS       0.37  -0.16  -0.39  -0.55  -0.68  -0.81  -0.89  -0.93  -0.97  -1.00

[plot] Saved vs_iter convergence plot to results/fashion_mnist_mlp_comparison_vs_iter_20260622-112222.png
[plot] Saved vs_time convergence plot to results/fashion_mnist_mlp_comparison_vs_time_20260622-112222.png
