=== 4-layer ReLU MLP comparison: QQN vs SGD vs Adam vs L-BFGS ===
    dataset=fashion_mnist  hidden_sizes=[384, 384, 384]  arch=x->384->384->384->10  activation=tanh,gelu,tanh  (non-convex objective)
  classes=10  n_train=40000  n_test=8000  maxiter=100000

  shared stop: f_target=6.0e-02  gtol=1.0e-08  time_budget=45.0s

[data] Loaded fashion_mnist via tensorflow.keras.
  model parameters: 600970

optimizer       final_loss   iters   train_acc   test_acc   time(s)   ms/it  ->target   t->tgt  vs LBFGS    evals     AUC
----------------------------------------------------------------------------------------------------------------------------------
QQN-L50       5.986388e-02     594      1.0000     0.8761    37.380   62.93       594   37.346         —     2970   -0.82
QQN-L50And    5.986388e-02     594      1.0000     0.8761    37.869   63.75       594   37.834         —     2970   -0.82
QQN-L80       5.988456e-02     530      1.0000     0.8744    34.327   64.77       530   34.293         —     2650   -0.80
QQN-L20       6.603592e-02     729      1.0000     0.8769    45.083   61.84         —        —         —        —   -0.80
L-BFGS        6.631524e-02     912      1.0000     0.8719    45.008   49.35         —        —         —        —   -0.80
QQN-Box       8.542172e-02     760      1.0000     0.8751    45.065   59.30         —        —         —        —   -0.74
QQN-BT        8.552159e-02     759      1.0000     0.8753    45.047   59.35         —        —         —        —   -0.74
QQN-Fast      8.573828e-02     661      0.9997     0.8720    45.062   68.17         —        —         —        —   -0.67
QQN           8.870389e-02     729      1.0000     0.8754    45.076   61.83         —        —         —        —   -0.72
QQN-TR        1.111162e-01     739      0.9959     0.8750    45.054   60.97         —        —         —        —   -0.68
QQN-Max       2.230608e-01     199      0.9453     0.8750    45.203  227.15         —        —         —        —   -0.43
Adam          2.559174e-01    2309      0.9486     0.8791    45.010   19.49         —        —         —        —   -0.43
QQN-BT-S      2.647670e-01     208      0.9282     0.8745    45.137  217.01         —        —         —        —   -0.40
QQN-S         2.672909e-01     204      0.9271     0.8758    45.172  221.43         —        —         —        —   -0.40
QQN-Sec       3.421170e-01     551      0.9002     0.8660    45.037   81.74         —        —         —        —   -0.37
QQN-Champ     4.449605e-01      87      0.8465     0.8306    45.377  521.58         —        —         —        —   -0.20
QQN-And       4.494708e-01     412      0.8618     0.8446    45.163  109.62         —        —         —        —   -0.29
QQN-L50P-BT   4.880370e-01      85      0.8330     0.8185    45.478  535.04         —        —         —        —   -0.15
QQN-Mom       5.022079e-01     564      0.8431     0.8286    45.110   79.98         —        —         —        —   -0.23
QQN-MaxP      5.459340e-01      56      0.8288     0.8135    45.570  813.74         —        —         —        —   -0.12
QQN-Mom-S-BT  5.807603e-01     202      0.8192     0.8049    45.125  223.39         —        —         —        —   -0.14
QQN-Mom-S     5.816607e-01     200      0.8191     0.8051    45.164  225.82         —        —         —        —   -0.14
QQN-Smooth    6.217122e-01      49      0.7792     0.7741    45.816  935.01         —        —         —        —   -0.14
QQN-L50P      1.694000e+00       1      0.3984     0.3950    45.07445074.27         —        —         —        —    0.30
SGD           9.179657e+01    2381      0.1000     0.1000    45.005   18.90         —        —         —        —    1.93

Pareto frontier (loss vs. time — non-dominated variants):
  QQN-L80      loss=5.9885e-02  time=34.327s
  QQN-L50      loss=5.9864e-02  time=37.380s

Iteration-efficiency leaderboard (target reached, fewest iters):
  QQN-L80        iters= 530  time=34.293s  vs_LBFGS=     —  final=5.9885e-02
  QQN-L50        iters= 594  time=37.346s  vs_LBFGS=     —  final=5.9864e-02
  QQN-L50And     iters= 594  time=37.834s  vs_LBFGS=     —  final=5.9864e-02

Cost-aware leaderboard (estimated function/grad evals to target):
  QQN-L80        evals~ 2650  (=5.0/it x 530 it)  vs_LBFGS=     —  final=5.9885e-02
  QQN-L50        evals~ 2970  (=5.0/it x 594 it)  vs_LBFGS=     —  final=5.9864e-02
  QQN-L50And     evals~ 2970  (=5.0/it x 594 it)  vs_LBFGS=     —  final=5.9864e-02

Target-sensitivity profile (iterations to reach each loss target):
  optimizer         <=2.00e-01    <=1.50e-01    <=1.00e-01    <=8.00e-02    <=6.00e-02
  QQN-L80                  208           257           333           402           530
  QQN-L50                  212           268           357           443           594
  QQN-L50And               212           268           357           443           594
  QQN                      318           418           601             —             —
  QQN-S                      —             —             —             —             —
  QQN-BT                   318           418           601             —             —
  QQN-BT-S                   —             —             —             —             —
  QQN-L20                  263           337           467           626             —
  QQN-L50P                   —             —             —             —             —
  QQN-L50P-BT                —             —             —             —             —
  QQN-Mom                    —             —             —             —             —
  QQN-Mom-S                  —             —             —             —             —
  QQN-Mom-S-BT               —             —             —             —             —
  QQN-Sec                    —             —             —             —             —
  QQN-And                    —             —             —             —             —
  QQN-TR                   335           483             —             —             —
  QQN-Fast                 348           446           579             —             —
  QQN-Max                    —             —             —             —             —
  QQN-MaxP                   —             —             —             —             —
  QQN-Champ                  —             —             —             —             —
  QQN-Box                  318           418           601             —             —
  QQN-Smooth                 —             —             —             —             —
  SGD                        —             —             —             —             —
  Adam                    1778             —             —             —             —
  L-BFGS                   323           420           615           798             —

  vs-LBFGS speedup stability across targets (QQN-L50):
    <= 2.00e-01:  1.52x  (QQN-L50=212, LBFGS=323)
    <= 1.50e-01:  1.57x  (QQN-L50=268, LBFGS=420)
    <= 1.00e-01:  1.72x  (QQN-L50=357, LBFGS=615)
    <= 8.00e-02:  1.80x  (QQN-L50=443, LBFGS=798)
    <= 6.00e-02:  — (not both reached)

  vs-LBFGS speedup stability across targets (QQN-L50P):
    <= 2.00e-01:  — (not both reached)
    <= 1.50e-01:  — (not both reached)
    <= 1.00e-01:  — (not both reached)
    <= 8.00e-02:  — (not both reached)
    <= 6.00e-02:  — (not both reached)

  vs-LBFGS speedup stability across targets (QQN-L50P-BT):
    <= 2.00e-01:  — (not both reached)
    <= 1.50e-01:  — (not both reached)
    <= 1.00e-01:  — (not both reached)
    <= 8.00e-02:  — (not both reached)
    <= 6.00e-02:  — (not both reached)

  vs-LBFGS speedup stability across targets (QQN-MaxP):
    <= 2.00e-01:  — (not both reached)
    <= 1.50e-01:  — (not both reached)
    <= 1.00e-01:  — (not both reached)
    <= 8.00e-02:  — (not both reached)
    <= 6.00e-02:  — (not both reached)

  vs-LBFGS speedup stability across targets (QQN-Champ):
    <= 2.00e-01:  — (not both reached)
    <= 1.50e-01:  — (not both reached)
    <= 1.00e-01:  — (not both reached)
    <= 8.00e-02:  — (not both reached)
    <= 6.00e-02:  — (not both reached)

Convergence-rate profile (iteration first reaching each loss):
  optimizer      <=1.0e+00   <=5.0e-01   <=2.0e-01   <=1.0e-01
  QQN-L80                6          35         208         333
  QQN-L50                6          35         212         357
  QQN-L50And             6          35         212         357
  QQN-L20                6          36         263         467
  QQN-Fast               8          52         348         579
  QQN                    6          40         318         601
  QQN-BT                 6          40         318         601
  QQN-Box                6          40         318         601
  L-BFGS                 7          39         323         615
  QQN-S                  5          39           —           —
  QQN-BT-S               5          39           —           —
  QQN-L50P               —           —           —           —
  QQN-L50P-BT           13          82           —           —
  QQN-Mom               24           —           —           —
  QQN-Mom-S             24           —           —           —
  QQN-Mom-S-BT          24           —           —           —
  QQN-Sec               11          97           —           —
  QQN-And                6         193           —           —
  QQN-TR                 6          41         335           —
  QQN-Max                6          36           —           —
  QQN-MaxP              10           —           —           —
  QQN-Champ              8          65           —           —
  QQN-Smooth             5           —           —           —
  SGD                    —           —           —           —
  Adam                  22          90        1778           —

Inter-milestone cost breakdown (Δtime[s] / Δevals between consecutive milestones):
  optimizer         start->1.0e+00    1.0e+00->5.0e-01    5.0e-01->2.0e-01    2.0e-01->1.0e-01
  QQN-L80                 4.271/30           1.632/145           9.778/865           7.151/625
  QQN-L50                 4.263/30           1.561/145           9.775/885           8.129/725
  QQN-L50And              4.444/30           1.573/145           9.891/885           8.193/725
  QQN-L20                 4.368/30           1.590/150         12.540/1135         11.744/1020
  L-BFGS                 11.282/21            1.043/96          10.145/852          11.087/876
  QQN-Box                 4.295/30           1.767/170         14.801/1390         15.402/1415
  QQN-BT                  4.229/30           1.733/170         14.834/1390         15.516/1415
  QQN                     4.828/30           1.855/170         15.487/1390         15.671/1415
  QQN-Fast                4.495/40           2.602/220         18.157/1480         14.541/1155
  QQN-S                  11.630/35           5.233/238                   —                   —
  QQN-BT-S               11.257/35           5.197/238                   —                   —
  QQN-L50P                       —                   —                   —                   —
  QQN-L50P-BT             9.491/65          34.513/345                   —                   —
  QQN-Mom                5.002/120                   —                   —                   —
  QQN-Mom-S             14.472/168                   —                   —                   —
  QQN-Mom-S-BT          14.530/168                   —                   —                   —
  QQN-Sec                 4.600/55           5.980/430                   —                   —
  QQN-And                 4.333/30          17.283/935                   —                   —
  QQN-TR                  4.311/30           1.771/175         15.463/1470                   —
  QQN-Max                12.328/42           4.764/210                   —                   —
  QQN-MaxP               16.349/70                   —                   —                   —
  QQN-Champ               7.174/40          26.794/285                   —                   —
  QQN-Smooth             13.598/35                   —                   —                   —
  SGD                            —                   —                   —                   —
  Adam                    2.865/22            1.137/68         31.130/1688                   —

Convergence-rate profile (wall-clock seconds first reaching each loss):
  optimizer      <=1.0e+00   <=5.0e-01   <=2.0e-01   <=1.0e-01
  QQN-L80            4.271       5.903      15.680      22.831
  QQN-L50            4.263       5.824      15.599      23.727
  QQN-L50And         4.444       6.017      15.909      24.102
  QQN-L20            4.368       5.958      18.499      30.243
  L-BFGS            11.282      12.325      22.470      33.557
  QQN-Box            4.295       6.063      20.863      36.265
  QQN-BT             4.229       5.962      20.796      36.312
  QQN                4.828       6.682      22.169      37.840
  QQN-Fast           4.495       7.097      25.254      39.795
  QQN-S             11.630      16.863           —           —
  QQN-BT-S          11.257      16.454           —           —
  QQN-L50P               —           —           —           —
  QQN-L50P-BT        9.491      44.005           —           —
  QQN-Mom            5.002           —           —           —
  QQN-Mom-S         14.472           —           —           —
  QQN-Mom-S-BT      14.530           —           —           —
  QQN-Sec            4.600      10.580           —           —
  QQN-And            4.333      21.616           —           —
  QQN-TR             4.311       6.081      21.544           —
  QQN-Max           12.328      17.092           —           —
  QQN-MaxP          16.349           —           —           —
  QQN-Champ          7.174      33.969           —           —
  QQN-Smooth        13.598           —           —           —
  SGD                    —           —           —           —
  Adam               2.865       4.002      35.132           —

Convergence-rate profile (estimated function/grad evals first reaching each loss):
  optimizer      <=1.0e+00   <=5.0e-01   <=2.0e-01   <=1.0e-01
  QQN-L80               30         175        1040        1665
  QQN-L50               30         175        1060        1785
  QQN-L50And            30         175        1060        1785
  L-BFGS                21         117         969        1845
  QQN-L20               30         180        1315        2335
  QQN-Fast              40         260        1740        2895
  QQN                   30         200        1590        3005
  QQN-BT                30         200        1590        3005
  QQN-Box               30         200        1590        3005
  QQN-S                 35         273           —           —
  QQN-BT-S              35         273           —           —
  QQN-L50P               —           —           —           —
  QQN-L50P-BT           65         410           —           —
  QQN-Mom              120           —           —           —
  QQN-Mom-S            168           —           —           —
  QQN-Mom-S-BT         168           —           —           —
  QQN-Sec               55         485           —           —
  QQN-And               30         965           —           —
  QQN-TR                30         205        1675           —
  QQN-Max               42         252           —           —
  QQN-MaxP              70           —           —           —
  QQN-Champ             40         325           —           —
  QQN-Smooth            35           —           —           —
  SGD                    —           —           —           —
  Adam                  22          90        1778           —

Stall report (never reached the shared target):
  QQN-L20        final=6.6036e-02  iters=729  time=45.083s  [time-budget exhausted]
  L-BFGS         final=6.6315e-02  iters=912  time=45.008s  [time-budget exhausted]
  QQN-Box        final=8.5422e-02  iters=760  time=45.065s  [time-budget exhausted]
  QQN-BT         final=8.5522e-02  iters=759  time=45.047s  [time-budget exhausted]
  QQN-Fast       final=8.5738e-02  iters=661  time=45.062s  [time-budget exhausted]
  QQN            final=8.8704e-02  iters=729  time=45.076s  [time-budget exhausted]
  QQN-TR         final=1.1112e-01  iters=739  time=45.054s  [time-budget exhausted]
  QQN-Max        final=2.2306e-01  iters=199  time=45.203s  [time-budget exhausted]
  Adam           final=2.5592e-01  iters=2309  time=45.010s  [time-budget exhausted]
  QQN-BT-S       final=2.6477e-01  iters=208  time=45.137s  [time-budget exhausted]
  QQN-S          final=2.6729e-01  iters=204  time=45.172s  [time-budget exhausted]
  QQN-Sec        final=3.4212e-01  iters=551  time=45.037s  [time-budget exhausted]
  QQN-Champ      final=4.4496e-01  iters= 87  time=45.377s  [time-budget exhausted]
  QQN-And        final=4.4947e-01  iters=412  time=45.163s  [time-budget exhausted]
  QQN-L50P-BT    final=4.8804e-01  iters= 85  time=45.478s  [time-budget exhausted]
  QQN-Mom        final=5.0221e-01  iters=564  time=45.110s  [time-budget exhausted]
  QQN-MaxP       final=5.4593e-01  iters= 56  time=45.570s  [time-budget exhausted]
  QQN-Mom-S-BT   final=5.8076e-01  iters=202  time=45.125s  [time-budget exhausted]
  QQN-Mom-S      final=5.8166e-01  iters=200  time=45.164s  [time-budget exhausted]
  QQN-Smooth     final=6.2171e-01  iters= 49  time=45.816s  [time-budget exhausted]
  QQN-L50P       final=1.6940e+00  iters=  1  time=45.074s  [time-budget exhausted]
  SGD            final=9.1797e+01  iters=2381  time=45.005s  [time-budget exhausted]

Loss trajectory (log10, sampled):
  QQN          0.37  -0.39  -0.50  -0.60  -0.71  -0.81  -0.91  -0.98  -1.02  -1.05
  QQN-S        0.37  -0.24  -0.32  -0.37  -0.41  -0.45  -0.48  -0.51  -0.54  -0.57
  QQN-BT       0.37  -0.39  -0.51  -0.61  -0.72  -0.83  -0.93  -0.99  -1.03  -1.07
  QQN-BT-S     0.37  -0.25  -0.33  -0.38  -0.41  -0.45  -0.48  -0.52  -0.55  -0.58
  QQN-L20      0.37  -0.41  -0.54  -0.67  -0.81  -0.93  -1.02  -1.07  -1.11  -1.18
  QQN-L50      0.37  -0.39  -0.53  -0.67  -0.82  -0.96  -1.06  -1.11  -1.17  -1.22
  QQN-L50P     0.37   0.37   0.37   0.37   0.37   0.37   0.37   0.37   0.37   0.23
  QQN-L80      0.37  -0.38  -0.51  -0.62  -0.77  -0.92  -1.03  -1.11  -1.17  -1.22
  QQN-L50P-BT   0.37   0.06  -0.04  -0.14  -0.18  -0.21  -0.23  -0.26  -0.29  -0.31
  QQN-Mom      0.37  -0.14  -0.20  -0.23  -0.26  -0.27  -0.28  -0.29  -0.29  -0.30
  QQN-Mom-S    0.37   0.01  -0.10  -0.15  -0.17  -0.19  -0.21  -0.22  -0.23  -0.24
  QQN-Mom-S-BT   0.37   0.01  -0.10  -0.15  -0.17  -0.19  -0.21  -0.22  -0.23  -0.24
  QQN-Sec      0.37  -0.28  -0.34  -0.37  -0.38  -0.41  -0.41  -0.45  -0.46  -0.47
  QQN-And      0.37  -0.22  -0.26  -0.28  -0.30  -0.31  -0.32  -0.34  -0.34  -0.35
  QQN-L50And   0.37  -0.39  -0.53  -0.67  -0.82  -0.96  -1.06  -1.11  -1.17  -1.22
  QQN-TR       0.37  -0.39  -0.51  -0.60  -0.69  -0.78  -0.83  -0.88  -0.93  -0.95
  QQN-Fast     0.37  -0.35  -0.45  -0.54  -0.62  -0.72  -0.81  -0.92  -1.01  -1.07
  QQN-Max      0.37  -0.23  -0.34  -0.39  -0.44  -0.49  -0.52  -0.57  -0.61  -0.65
  QQN-MaxP     0.37   0.09  -0.04  -0.11  -0.13  -0.17  -0.21  -0.25  -0.26  -0.26
  QQN-Champ    0.37  -0.02  -0.12  -0.17  -0.22  -0.25  -0.29  -0.31  -0.33  -0.35
  QQN-Box      0.37  -0.39  -0.51  -0.61  -0.72  -0.83  -0.93  -1.00  -1.03  -1.07
  QQN-Smooth   0.37  -0.00  -0.10  -0.17  -0.21  -0.21  -0.21  -0.21  -0.21  -0.21
  SGD          0.37   1.97   1.90   1.92   1.90   1.94   1.94   1.97   2.00   1.96
  Adam         0.37  -0.37   0.51  -0.43  -0.53  -0.53  -0.49   0.17  -0.38  -0.59
  L-BFGS       0.37  -0.42  -0.56  -0.68  -0.81  -0.92  -1.00  -1.04  -1.11  -1.18

[plot] Saved vs_iter convergence plot to results/fashion_mnist_mlp_comparison_vs_iter_20260622-151617.png
[plot] Saved vs_time convergence plot to results/fashion_mnist_mlp_comparison_vs_time_20260622-151617.png
