=== 4-layer ReLU MLP comparison: QQN vs SGD vs Adam vs L-BFGS ===
    dataset=fashion_mnist  hidden_sizes=[256, 256, 256]  arch=x->256->256->256->10  activation=tanh,gelu,tanh  (non-convex objective)
  classes=10  n_train=25000  n_test=5000  maxiter=1000000

  shared stop: f_target=2.0e-02  gtol=1.0e-08  time_budget=150.0s

[data] Loaded fashion_mnist via tensorflow.keras.
  l2=1.0e-04  sgd_lr=0.05  adam_lr=0.01  seed=42
  milestones=(1.0, 0.5, 0.2, 0.1)  target_profile=(0.2, 0.1, 0.06, 0.04, 0.02)

  model parameters: 335114

optimizer       final_loss   iters   train_acc   test_acc   time(s)   ms/it  ->target   t->tgt  vs LBFGS    evals     AUC
----------------------------------------------------------------------------------------------------------------------------------
QQN-Fast      1.999423e-02     932      1.0000     0.8680    17.702   18.99       932   17.702     2.49x      950   -1.26
QQN-L80       1.999658e-02    1044      1.0000     0.8674    17.567   16.83      1044   17.567     2.22x     1105   -1.29
QQN-L80And    1.999658e-02    1044      1.0000     0.8674    19.920   19.08      1044   19.919     2.22x     1105   -1.29
QQN-S         1.999814e-02    1880      1.0000     0.8640   135.343   71.99      1880  135.342     1.23x    15177   -1.36
QQN           1.999846e-02    2387      1.0000     0.8666    28.972   12.14      2387   28.971     0.97x     2643   -1.37
QQN-Box       1.999846e-02    2387      1.0000     0.8666    28.687   12.02      2387   28.686     0.97x     2643   -1.37
QQN-L20       1.999847e-02    1844      1.0000     0.8634    23.742   12.88      1844   23.742     1.26x     2040   -1.37
L-BFGS        1.999892e-02    2319      1.0000     0.8686    48.382   20.86      2319   48.381     1.00x     4845   -1.38
QQN-TR        1.999916e-02    3333      1.0000     0.8650    38.960   11.69      3333   38.960     0.70x     3761   -1.41
QQN-Sec       1.176382e-01    7344      0.9823     0.8648   150.108   20.44         —        —         —        —   -0.72
SGD           1.774266e-01   16459      0.9520     0.8646   150.002    9.11         —        —         —        —   -0.57
Adam          3.400633e-01   16383      0.9063     0.8352   150.006    9.16         —        —         —        —   -0.64
QQN-Mom       3.726423e-01    2847      0.8848     0.8518   150.026   52.70         —        —         —        —   -0.37
QQN-Mom-S     4.227011e-01    1412      0.8668     0.8410   150.069  106.28         —        —         —        —   -0.32

Pareto frontier (loss vs. time — non-dominated variants):
  QQN-L80      loss=1.9997e-02  time=17.567s
  QQN-Fast     loss=1.9994e-02  time=17.702s

Iteration-efficiency leaderboard (target reached, fewest iters):
  QQN-Fast       iters= 932  time=17.702s  vs_LBFGS= 2.49x  final=1.9994e-02
  QQN-L80        iters=1044  time=17.567s  vs_LBFGS= 2.22x  final=1.9997e-02
  QQN-L80And     iters=1044  time=19.919s  vs_LBFGS= 2.22x  final=1.9997e-02
  QQN-L20        iters=1844  time=23.742s  vs_LBFGS= 1.26x  final=1.9998e-02
  QQN-S          iters=1880  time=135.342s  vs_LBFGS= 1.23x  final=1.9998e-02
  L-BFGS         iters=2319  time=48.381s  vs_LBFGS= 1.00x  final=1.9999e-02
  QQN-Box        iters=2387  time=28.686s  vs_LBFGS= 0.97x  final=1.9998e-02
  QQN            iters=2387  time=28.971s  vs_LBFGS= 0.97x  final=1.9998e-02
  QQN-TR         iters=3333  time=38.960s  vs_LBFGS= 0.70x  final=1.9999e-02

Cost-aware leaderboard (estimated function/grad evals to target):
  QQN-Fast       evals~  950  (=1.0/it x 932 it)  vs_LBFGS= 5.10x  final=1.9994e-02
  QQN-L80        evals~ 1105  (=1.1/it x 1044 it)  vs_LBFGS= 4.38x  final=1.9997e-02
  QQN-L80And     evals~ 1105  (=1.1/it x 1044 it)  vs_LBFGS= 4.38x  final=1.9997e-02
  QQN-L20        evals~ 2040  (=1.1/it x 1844 it)  vs_LBFGS= 2.38x  final=1.9998e-02
  QQN            evals~ 2643  (=1.1/it x 2387 it)  vs_LBFGS= 1.83x  final=1.9998e-02
  QQN-Box        evals~ 2643  (=1.1/it x 2387 it)  vs_LBFGS= 1.83x  final=1.9998e-02
  QQN-TR         evals~ 3761  (=1.1/it x 3333 it)  vs_LBFGS= 1.29x  final=1.9999e-02
  L-BFGS         evals~ 4845  (=2.1/it x 2319 it)  vs_LBFGS= 1.00x  final=1.9999e-02
  QQN-S          evals~15177  (=8.1/it x 1880 it)  vs_LBFGS= 0.32x  final=1.9998e-02

Target-sensitivity profile (iterations to reach each loss target):
  optimizer         <=2.00e-01    <=1.00e-01    <=6.00e-02    <=4.00e-02    <=2.00e-02
  QQN-Fast                 159           238           321           446           932
  QQN-L80                  154           233           323           460          1044
  QQN-L80And               154           233           323           460          1044
  QQN-L20                  186           303           504           673          1844
  QQN-S                    197           327           549           717          1880
  L-BFGS                   223           360           604           810          2319
  QQN                      230           384           627           851          2387
  QQN-Box                  230           384           627           851          2387
  QQN-TR                   234           504           814          1088          3333
  QQN-Mom                    —             —             —             —             —
  QQN-Mom-S                  —             —             —             —             —
  QQN-Sec                 3012             —             —             —             —
  SGD                    11918             —             —             —             —
  Adam                     661          4267             —             —             —

  vs-LBFGS speedup stability across targets (QQN-L80):
    <= 2.00e-01:  1.45x  (QQN-L80=154, LBFGS=223)
    <= 1.00e-01:  1.55x  (QQN-L80=233, LBFGS=360)
    <= 6.00e-02:  1.87x  (QQN-L80=323, LBFGS=604)
    <= 4.00e-02:  1.76x  (QQN-L80=460, LBFGS=810)
    <= 2.00e-02:  2.22x  (QQN-L80=1044, LBFGS=2319)

Convergence-rate profile (iteration first reaching each loss):
  optimizer      <=1.0e+00   <=5.0e-01   <=2.0e-01   <=1.0e-01
  QQN-L80                8          35         154         233
  QQN-L80And             8          35         154         233
  QQN-Fast               8          36         159         238
  QQN-L20                8          36         186         303
  QQN-S                  7          33         197         327
  L-BFGS                 6          35         223         360
  QQN                    8          39         230         384
  QQN-Box                8          39         230         384
  QQN-TR                 6          35         234         504
  Adam                  22          75         661        4267
  QQN-Mom                9         249           —           —
  QQN-Mom-S             10         377           —           —
  QQN-Sec               10          69        3012           —
  SGD                   50         525       11918           —

Inter-milestone cost breakdown (Δtime[s] / Δevals between consecutive milestones):
  optimizer         start->1.0e+00    1.0e+00->5.0e-01    5.0e-01->2.0e-01    2.0e-01->1.0e-01
  QQN-L80                 5.359/12            0.313/27           1.320/119            0.873/79
  QQN-L20                 5.343/12            0.260/28           1.344/157           1.129/131
  QQN-Fast                5.471/11            0.358/28           1.555/123            1.003/79
  QQN-L80And              5.880/12            0.344/27           1.518/119            1.009/79
  QQN                     5.426/12            0.312/36           1.694/206           1.367/166
  QQN-Box                 5.413/12            0.313/36           1.697/206           1.402/166
  QQN-TR                   5.435/7            0.277/33           1.770/213           2.404/279
  L-BFGS                  7.653/12            0.477/60           3.015/389           2.330/287
  QQN-S                   8.630/60           1.699/208         11.712/1315          8.776/1047
  Adam                    1.857/22            0.442/53           5.202/586         32.498/3606
  QQN-Mom                 5.358/25          8.941/1177                   —                   —
  QQN-Mom-S               8.140/97         34.756/4359                   —                   —
  QQN-Sec                 5.272/12           0.906/118         57.435/7005                   —
  SGD                     2.037/50           4.095/475       102.836/11393                   —

Convergence-rate profile (wall-clock seconds first reaching each loss):
  optimizer      <=1.0e+00   <=5.0e-01   <=2.0e-01   <=1.0e-01
  QQN-L80            5.359       5.672       6.991       7.864
  QQN-L20            5.343       5.603       6.947       8.076
  QQN-Fast           5.471       5.829       7.384       8.387
  QQN-L80And         5.880       6.224       7.742       8.751
  QQN                5.426       5.739       7.433       8.800
  QQN-Box            5.413       5.725       7.422       8.824
  QQN-TR             5.435       5.712       7.483       9.887
  L-BFGS             7.653       8.131      11.145      13.476
  QQN-S              8.630      10.329      22.041      30.817
  Adam               1.857       2.299       7.501      39.999
  QQN-Mom            5.358      14.299           —           —
  QQN-Mom-S          8.140      42.896           —           —
  QQN-Sec            5.272       6.178      63.613           —
  SGD                2.037       6.132     108.968           —

Convergence-rate profile (estimated function/grad evals first reaching each loss):
  optimizer      <=1.0e+00   <=5.0e-01   <=2.0e-01   <=1.0e-01
  QQN-L80               12          39         158         237
  QQN-L80And            12          39         158         237
  QQN-Fast              11          39         162         241
  QQN-L20               12          40         197         328
  QQN                   12          48         254         420
  QQN-Box               12          48         254         420
  QQN-TR                 7          40         253         532
  L-BFGS                12          72         461         748
  QQN-S                 60         268        1583        2630
  Adam                  22          75         661        4267
  QQN-Mom               25        1202           —           —
  QQN-Mom-S             97        4456           —           —
  QQN-Sec               12         130        7135           —
  SGD                   50         525       11918           —

Stall report (never reached the shared target):
  QQN-Sec        final=1.1764e-01  iters=7344  time=150.108s  [time-budget exhausted]
  SGD            final=1.7743e-01  iters=16459  time=150.002s  [time-budget exhausted]
  Adam           final=3.4006e-01  iters=16383  time=150.006s  [time-budget exhausted]
  QQN-Mom        final=3.7264e-01  iters=2847  time=150.026s  [time-budget exhausted]
  QQN-Mom-S      final=4.2270e-01  iters=1412  time=150.069s  [time-budget exhausted]

Loss trajectory (log10, sampled):
  QQN          0.38  -0.77  -1.15  -1.36  -1.51  -1.59  -1.64  -1.66  -1.68  -1.70
  QQN-S        0.38  -0.73  -1.11  -1.31  -1.48  -1.58  -1.63  -1.67  -1.69  -1.70
  QQN-L20      0.38  -0.74  -1.13  -1.35  -1.50  -1.59  -1.64  -1.67  -1.68  -1.70
  QQN-L80      0.38  -0.58  -1.00  -1.25  -1.40  -1.53  -1.61  -1.65  -1.68  -1.70
  QQN-Mom      0.38  -0.31  -0.34  -0.37  -0.39  -0.40  -0.41  -0.42  -0.42  -0.43
  QQN-Mom-S    0.38  -0.25  -0.29  -0.31  -0.33  -0.34  -0.35  -0.36  -0.37  -0.37
  QQN-Sec      0.38  -0.50  -0.58  -0.67  -0.71  -0.76  -0.83  -0.88  -0.91  -0.93
  QQN-L80And   0.38  -0.58  -1.00  -1.25  -1.40  -1.53  -1.61  -1.65  -1.68  -1.70
  QQN-TR       0.38  -0.89  -1.17  -1.41  -1.55  -1.62  -1.66  -1.68  -1.69  -1.70
  QQN-Box      0.38  -0.77  -1.15  -1.36  -1.51  -1.59  -1.64  -1.66  -1.68  -1.70
  QQN-Fast     0.38  -0.53  -0.88  -1.20  -1.36  -1.49  -1.59  -1.65  -1.68  -1.70
  SGD          0.38  -0.40  -0.48  -0.52  -0.57  -0.61  -0.65  -0.66  -0.65  -0.75
  Adam         0.38  -0.75  -0.62  -0.62  -0.51  -0.76  -0.80  -0.81  -0.76  -0.47
  L-BFGS       0.38  -0.77  -1.14  -1.37  -1.52  -1.59  -1.64  -1.67  -1.68  -1.70

[plot] Saved vs_iter convergence plot to results/fashion_mnist_mlp_comparison_vs_iter_20260623-163740.png
[plot] Saved vs_time convergence plot to results/fashion_mnist_mlp_comparison_vs_time_20260623-163740.png

[profile] Device memory at end of run:
cuda:0: 0.10 / 6.12 GiB
